Info: CustomCategory:main_view: 9 mini seconds publishing element
Info: DeliveryProcess:Game Development Process: 430 mini seconds publishing element
Info: DeliveryProcess:Game Development Process: 3118 mini seconds publishing process specific layout data
Info: Phase:Pre-Production: 329 mini seconds publishing element
Info: Activity:Identify and Refine Game Design: 310 mini seconds publishing element
Info: Activity:Identify and Refine Game Art and Interface: 278 mini seconds publishing element
Info: Activity:Identify and Refine Architecture: 277 mini seconds publishing element
Info: Activity:Plan Production: 308 mini seconds publishing element
Info: Activity:Create Presentation: 344 mini seconds publishing element
Info: Milestone:Milestone 1: 39 mini seconds publishing element
Info: Iteration:Production: 261 mini seconds publishing element
Info: Activity:Implementation: 400 mini seconds publishing element
Info: Activity:Testing: 254 mini seconds publishing element
Info: Activity:Identify and Refine Game Design: 332 mini seconds publishing element
Info: Activity:Identify and Refine Architecture: 270 mini seconds publishing element
Info: Activity:Plan Production: 196 mini seconds publishing element
Info: Activity:Create Presentation: 442 mini seconds publishing element
Info: Activity:Perform Game Demo: 308 mini seconds publishing element
Info: Milestone:Milestone 2: 19 mini seconds publishing element
Info: Milestone:Milestone 3: 20 mini seconds publishing element
Info: Phase:Post-Production: 212 mini seconds publishing element
Info: Activity:Testing: 218 mini seconds publishing element
Info: Activity:Defect Fixing: 184 mini seconds publishing element
Info: Activity:Create Release: 215 mini seconds publishing element
Info: Activity:Create Presentation: 346 mini seconds publishing element
Info: Activity:Perform Project Postmortem: 237 mini seconds publishing element
Info: Activity:Perform Game Demo: 313 mini seconds publishing element
Info: Milestone:Milestone 4: 21 mini seconds publishing element
Info: RoleSet:project_team: 26 mini seconds publishing element
Info: Role:tester: 95 mini seconds publishing element
Info: Task:choose_external_tool_and_technologies: 29 mini seconds publishing element
Info: Task:create_and_update_game_design_document: 15 mini seconds publishing element
Info: Task:create_presentation: 18 mini seconds publishing element
Info: Task:create_screenshots_and_demo_videos: 15 mini seconds publishing element
Info: Task:create_test_plan: 14 mini seconds publishing element
Info: Task:establish_game_concept: 13 mini seconds publishing element
Info: Task:game_demo: 15 mini seconds publishing element
Info: Task:perform_project_postmortem: 15 mini seconds publishing element
Info: Task:perform_test: 16 mini seconds publishing element
Info: Task:create_plan_and_schedule: 13 mini seconds publishing element
Info: Task:fix_defects: 13 mini seconds publishing element
Info: Artifact:game_concept: 31 mini seconds publishing element
Info: Artifact:test_plan: 16 mini seconds publishing element
Info: Artifact:test_reults: 19 mini seconds publishing element
Info: Deliverable:game_design_document: 46 mini seconds publishing element
Info: Deliverable:presentation: 19 mini seconds publishing element
Info: Deliverable:project_postmortem: 13 mini seconds publishing element
Info: Role:artist: 71 mini seconds publishing element
Info: Task:create_and_update_game_assets: 16 mini seconds publishing element
Info: Task:create_concept_art: 14 mini seconds publishing element
Info: Task:create_ui_mockups: 14 mini seconds publishing element
Info: Artifact:game_assets: 15 mini seconds publishing element
Info: Artifact:ui_mockups: 15 mini seconds publishing element
Info: Deliverable:art_and_interface_document: 19 mini seconds publishing element
Info: Role:developer: 101 mini seconds publishing element
Info: Task:charater_and_object_implmentation: 16 mini seconds publishing element
Info: Task:create_and_update_class_diagram: 14 mini seconds publishing element
Info: Task:create_and_update_object_oreintated_design: 14 mini seconds publishing element
Info: Task:create_and_update_state_diagram: 16 mini seconds publishing element
Info: Task:create_release_notes: 14 mini seconds publishing element
Info: Task:create_release_tag: 14 mini seconds publishing element
Info: Task:finalize_basic_game_algorithim: 16 mini seconds publishing element
Info: Task:implement_all_game_states: 20 mini seconds publishing element
Info: Task:implement_game_play: 17 mini seconds publishing element
Info: Task:implement_game_view: 15 mini seconds publishing element
Info: Task:implement_tool_builder_level_or_map_editor: 13 mini seconds publishing element
Info: Task:setup_github_repository: 14 mini seconds publishing element
Info: Artifact:class_diagram: 16 mini seconds publishing element
Info: Artifact:object_oriented_design: 15 mini seconds publishing element
Info: Artifact:source_code: 17 mini seconds publishing element
Info: Artifact:state_diagram: 14 mini seconds publishing element
Info: Deliverable:code_repository: 19 mini seconds publishing element
Info: Role:project_coordinator: 193 mini seconds publishing element
Info: Task:create_and_update_meeting_logs: 15 mini seconds publishing element
Info: Artifact:meeting_log: 16 mini seconds publishing element
Info: Artifact:project_plan_and_schedule: 18 mini seconds publishing element
Info: CustomCategory:disciplines: 8 mini seconds publishing element
Info: Discipline:architecture: 28 mini seconds publishing element
Info: Discipline:art_and_interface: 14 mini seconds publishing element
Info: Discipline:game_design: 12 mini seconds publishing element
Info: Discipline:implementation: 13 mini seconds publishing element
Info: Discipline:presentation: 11 mini seconds publishing element
Info: Discipline:production_release: 11 mini seconds publishing element
Info: CustomCategory:guidance: 13 mini seconds publishing element
Info: Template:architecture_document_template: 53 mini seconds publishing element
Info: Template:art_and_interface_document_template: 27 mini seconds publishing element
Info: Checklist:definition_of_done: 24 mini seconds publishing element
Info: ToolMentor:discord: 24 mini seconds publishing element
Info: Guideline:gamasutra: 29 mini seconds publishing element
Info: Template:game_design_document_template: 25 mini seconds publishing element
Info: ToolMentor:google_docs: 11 mini seconds publishing element
Info: Guideline:grading_rubric: 11 mini seconds publishing element
Info: Template:meeting_log_template: 26 mini seconds publishing element
Info: Template:milestones_template: 30 mini seconds publishing element
Info: Template:presentation_template: 26 mini seconds publishing element
Info: Template:production_document_template: 25 mini seconds publishing element
Info: Template:readme_template: 26 mini seconds publishing element
Info: Practice:scrum: 22 mini seconds publishing element
Info: Checklist:task_management: 13 mini seconds publishing element
Info: ToolMentor:trello: 11 mini seconds publishing element
Info: TaskDescriptor:establish_game_concept: 31 mini seconds publishing element
Info: TaskDescriptor:create_and_update_game_design_document: 18 mini seconds publishing element
Info: TaskDescriptor:create_concept_art: 18 mini seconds publishing element
Info: TaskDescriptor:create_and_update_game_assets: 18 mini seconds publishing element
Info: TaskDescriptor:create_ui_mockups: 15 mini seconds publishing element
Info: TaskDescriptor:create_and_update_class_diagram: 15 mini seconds publishing element
Info: TaskDescriptor:create_and_update_object_oreintated_design: 19 mini seconds publishing element
Info: TaskDescriptor:create_and_update_state_diagram: 16 mini seconds publishing element
Info: TaskDescriptor:choose_external_tool_and_technologies: 16 mini seconds publishing element
Info: TaskDescriptor:create_and_update_meeting_logs: 53 mini seconds publishing element
Info: TaskDescriptor:create_plan_and_schedule: 18 mini seconds publishing element
Info: TaskDescriptor:setup_github_repository: 15 mini seconds publishing element
Info: TaskDescriptor:create_presentation: 19 mini seconds publishing element
Info: TaskDescriptor:charater_and_object_implmentation: 17 mini seconds publishing element
Info: TaskDescriptor:finalize_basic_game_algorithim: 20 mini seconds publishing element
Info: TaskDescriptor:implement_game_play: 18 mini seconds publishing element
Info: TaskDescriptor:implement_game_view: 17 mini seconds publishing element
Info: TaskDescriptor:implement_tool_builder_level_or_map_editor: 18 mini seconds publishing element
Info: TaskDescriptor:implement_all_game_states: 17 mini seconds publishing element
Info: TaskDescriptor:develop_external_tool: 14 mini seconds publishing element
Info: TaskDescriptor:perform_test: 17 mini seconds publishing element
Info: TaskDescriptor:create_test_plan: 23 mini seconds publishing element
Info: TaskDescriptor:create_and_update_game_design_document: 17 mini seconds publishing element
Info: TaskDescriptor:create_and_update_game_assets: 20 mini seconds publishing element
Info: TaskDescriptor:create_and_update_object_oreintated_design: 19 mini seconds publishing element
Info: TaskDescriptor:create_and_update_class_diagram: 18 mini seconds publishing element
Info: TaskDescriptor:create_and_update_state_diagram: 17 mini seconds publishing element
Info: TaskDescriptor:create_and_update_meeting_logs: 17 mini seconds publishing element
Info: TaskDescriptor:create_presentation: 18 mini seconds publishing element
Info: TaskDescriptor:game_demo: 17 mini seconds publishing element
Info: TaskDescriptor:create_screenshots_and_demo_videos: 17 mini seconds publishing element
Info: TaskDescriptor:implement_all_game_states: 18 mini seconds publishing element
Info: TaskDescriptor:perform_test: 24 mini seconds publishing element
Info: TaskDescriptor:fix_defects: 24 mini seconds publishing element
Info: TaskDescriptor:create_release_notes: 17 mini seconds publishing element
Info: TaskDescriptor:create_release_tag: 16 mini seconds publishing element
Info: TaskDescriptor:create_presentation: 18 mini seconds publishing element
Info: TaskDescriptor:perform_project_postmortem: 17 mini seconds publishing element
Info: TaskDescriptor:create_screenshots_and_demo_videos: 16 mini seconds publishing element
Info: TaskDescriptor:game_demo: 17 mini seconds publishing element
Info: RoleDescriptor:artist: 35 mini seconds publishing element
Info: RoleDescriptor:developer: 16 mini seconds publishing element
Info: RoleDescriptor:professor: 15 mini seconds publishing element
Info: RoleDescriptor:project_coordinator: 15 mini seconds publishing element
Info: RoleDescriptor:tester: 18 mini seconds publishing element
Info: WorkProductDescriptor:architecture_document: 28 mini seconds publishing element
Info: WorkProductDescriptor:art_and_interface_document: 17 mini seconds publishing element
Info: WorkProductDescriptor:class_diagram: 21 mini seconds publishing element
Info: WorkProductDescriptor:code_repository: 15 mini seconds publishing element
Info: WorkProductDescriptor:external_tool: 15 mini seconds publishing element
Info: WorkProductDescriptor:game: 16 mini seconds publishing element
Info: WorkProductDescriptor:game_assets: 18 mini seconds publishing element
Info: WorkProductDescriptor:game_concept: 15 mini seconds publishing element
Info: WorkProductDescriptor:game_design_document: 18 mini seconds publishing element
Info: WorkProductDescriptor:meeting_log: 17 mini seconds publishing element
Info: WorkProductDescriptor:object_oriented_design: 17 mini seconds publishing element
Info: WorkProductDescriptor:presentation: 17 mini seconds publishing element
Info: WorkProductDescriptor:project_plan_and_schedule: 15 mini seconds publishing element
Info: WorkProductDescriptor:project_postmortem: 17 mini seconds publishing element
Info: WorkProductDescriptor:readme_file: 17 mini seconds publishing element
Info: WorkProductDescriptor:release_notes: 16 mini seconds publishing element
Info: WorkProductDescriptor:source_code: 22 mini seconds publishing element
Info: WorkProductDescriptor:state_diagram: 16 mini seconds publishing element
Info: WorkProductDescriptor:test_plan: 16 mini seconds publishing element
Info: WorkProductDescriptor:test_reults: 15 mini seconds publishing element
Info: WorkProductDescriptor:ui_mockups: 15 mini seconds publishing element
Info: RoleDescriptor:artist: 16 mini seconds publishing element
Info: RoleDescriptor:developer: 15 mini seconds publishing element
Info: RoleDescriptor:project_coordinator: 16 mini seconds publishing element
Info: RoleDescriptor:tester: 14 mini seconds publishing element
Info: WorkProductDescriptor:game_concept: 15 mini seconds publishing element
Info: RoleDescriptor:artist: 17 mini seconds publishing element
Info: RoleDescriptor:developer: 16 mini seconds publishing element
Info: WorkProductDescriptor:game_concept: 16 mini seconds publishing element
Info: WorkProductDescriptor:game_design_document: 20 mini seconds publishing element
Info: RoleDescriptor:developer: 21 mini seconds publishing element
Info: RoleDescriptor:project_coordinator: 16 mini seconds publishing element
Info: WorkProductDescriptor:game_design_document: 17 mini seconds publishing element
Info: RoleDescriptor:artist: 16 mini seconds publishing element
Info: RoleDescriptor:developer: 17 mini seconds publishing element
Info: RoleDescriptor:project_coordinator: 30 mini seconds publishing element
Info: RoleDescriptor:tester: 16 mini seconds publishing element
Info: RoleDescriptor:artist: 16 mini seconds publishing element
Info: RoleDescriptor:developer: 16 mini seconds publishing element
Info: RoleDescriptor:project_coordinator: 18 mini seconds publishing element
Info: RoleDescriptor:tester: 16 mini seconds publishing element
Info: WorkProductDescriptor:art_and_interface_document: 15 mini seconds publishing element
Info: WorkProductDescriptor:game_design_document: 16 mini seconds publishing element
Info: WorkProductDescriptor:project_plan_and_schedule: 17 mini seconds publishing element
Info: WorkProductDescriptor:architecture_document: 15 mini seconds publishing element
Info: WorkProductDescriptor:art_and_interface_document: 14 mini seconds publishing element
Info: WorkProductDescriptor:class_diagram: 16 mini seconds publishing element
Info: WorkProductDescriptor:game_assets: 15 mini seconds publishing element
Info: WorkProductDescriptor:game_concept: 14 mini seconds publishing element
Info: WorkProductDescriptor:game_design_document: 15 mini seconds publishing element
Info: WorkProductDescriptor:object_oriented_design: 15 mini seconds publishing element
Info: WorkProductDescriptor:presentation: 15 mini seconds publishing element
Info: WorkProductDescriptor:project_plan_and_schedule: 17 mini seconds publishing element
Info: WorkProductDescriptor:state_diagram: 15 mini seconds publishing element
Info: WorkProductDescriptor:ui_mockups: 15 mini seconds publishing element
Info: RoleDescriptor:artist: 16 mini seconds publishing element
Info: RoleDescriptor:developer: 17 mini seconds publishing element
Info: RoleDescriptor:professor: 14 mini seconds publishing element
Info: RoleDescriptor:project_coordinator: 15 mini seconds publishing element
Info: RoleDescriptor:tester: 16 mini seconds publishing element
Info: WorkProductDescriptor:architecture_document: 17 mini seconds publishing element
Info: WorkProductDescriptor:art_and_interface_document: 16 mini seconds publishing element
Info: WorkProductDescriptor:class_diagram: 15 mini seconds publishing element
Info: WorkProductDescriptor:code_repository: 17 mini seconds publishing element
Info: WorkProductDescriptor:game_assets: 16 mini seconds publishing element
Info: WorkProductDescriptor:game_concept: 15 mini seconds publishing element
Info: WorkProductDescriptor:game_design_document: 17 mini seconds publishing element
Info: WorkProductDescriptor:meeting_log: 16 mini seconds publishing element
Info: WorkProductDescriptor:object_oriented_design: 14 mini seconds publishing element
Info: WorkProductDescriptor:presentation: 17 mini seconds publishing element
Info: WorkProductDescriptor:project_plan_and_schedule: 15 mini seconds publishing element
Info: WorkProductDescriptor:state_diagram: 16 mini seconds publishing element
Info: WorkProductDescriptor:ui_mockups: 16 mini seconds publishing element
Info: RoleDescriptor:developer: 15 mini seconds publishing element
Info: WorkProductDescriptor:architecture_document: 16 mini seconds publishing element
Info: WorkProductDescriptor:art_and_interface_document: 15 mini seconds publishing element
Info: WorkProductDescriptor:game_design_document: 14 mini seconds publishing element
Info: WorkProductDescriptor:source_code: 15 mini seconds publishing element
Info: RoleDescriptor:developer: 15 mini seconds publishing element
Info: RoleDescriptor:project_coordinator: 15 mini seconds publishing element
Info: RoleDescriptor:tester: 15 mini seconds publishing element
Info: WorkProductDescriptor:game_design_document: 17 mini seconds publishing element
Info: RoleDescriptor:developer: 18 mini seconds publishing element
Info: RoleDescriptor:project_coordinator: 15 mini seconds publishing element
Info: WorkProductDescriptor:game_design_document: 17 mini seconds publishing element
Info: RoleDescriptor:project_coordinator: 17 mini seconds publishing element
Info: RoleDescriptor:artist: 15 mini seconds publishing element
Info: RoleDescriptor:developer: 16 mini seconds publishing element
Info: RoleDescriptor:project_coordinator: 18 mini seconds publishing element
Info: RoleDescriptor:tester: 26 mini seconds publishing element
Info: WorkProductDescriptor:architecture_document: 16 mini seconds publishing element
Info: WorkProductDescriptor:art_and_interface_document: 15 mini seconds publishing element
Info: WorkProductDescriptor:game_design_document: 15 mini seconds publishing element
Info: RoleDescriptor:artist: 17 mini seconds publishing element
Info: RoleDescriptor:developer: 17 mini seconds publishing element
Info: RoleDescriptor:project_coordinator: 19 mini seconds publishing element
Info: RoleDescriptor:tester: 16 mini seconds publishing element
Info: WorkProductDescriptor:presentation: 16 mini seconds publishing element
Info: WorkProductDescriptor:game: 14 mini seconds publishing element
Info: RoleDescriptor:artist: 17 mini seconds publishing element
Info: RoleDescriptor:developer: 15 mini seconds publishing element
Info: RoleDescriptor:professor: 16 mini seconds publishing element
Info: RoleDescriptor:project_coordinator: 15 mini seconds publishing element
Info: RoleDescriptor:tester: 15 mini seconds publishing element
Info: WorkProductDescriptor:architecture_document: 17 mini seconds publishing element
Info: WorkProductDescriptor:art_and_interface_document: 15 mini seconds publishing element
Info: WorkProductDescriptor:code_repository: 15 mini seconds publishing element
Info: WorkProductDescriptor:game: 15 mini seconds publishing element
Info: WorkProductDescriptor:game_design_document: 15 mini seconds publishing element
Info: WorkProductDescriptor:presentation: 16 mini seconds publishing element
Info: WorkProductDescriptor:project_plan_and_schedule: 15 mini seconds publishing element
Info: WorkProductDescriptor:source_code: 16 mini seconds publishing element
Info: WorkProductDescriptor:test_plan: 14 mini seconds publishing element
Info: WorkProductDescriptor:test_reults: 16 mini seconds publishing element
Info: RoleDescriptor:developer: 17 mini seconds publishing element
Info: RoleDescriptor:tester: 17 mini seconds publishing element
Info: RoleDescriptor:developer: 16 mini seconds publishing element
Info: RoleDescriptor:developer: 16 mini seconds publishing element
Info: RoleDescriptor:project_coordinator: 19 mini seconds publishing element
Info: RoleDescriptor:tester: 14 mini seconds publishing element
Info: RoleDescriptor:artist: 15 mini seconds publishing element
Info: RoleDescriptor:developer: 18 mini seconds publishing element
Info: RoleDescriptor:project_coordinator: 14 mini seconds publishing element
Info: RoleDescriptor:tester: 14 mini seconds publishing element
Info: RoleDescriptor:artist: 16 mini seconds publishing element
Info: RoleDescriptor:developer: 16 mini seconds publishing element
Info: RoleDescriptor:project_coordinator: 15 mini seconds publishing element
Info: RoleDescriptor:tester: 17 mini seconds publishing element
Info: WorkProductDescriptor:presentation: 15 mini seconds publishing element
Info: WorkProductDescriptor:code_repository: 14 mini seconds publishing element
Info: WorkProductDescriptor:project_postmortem: 14 mini seconds publishing element
Info: WorkProductDescriptor:source_code: 13 mini seconds publishing element
Info: Role:professor: 38 mini seconds publishing element
Info: Deliverable:architecture_document: 20 mini seconds publishing element
Info: Deliverable:game: 14 mini seconds publishing element
Info: WorkProductDescriptor:game_design_document: 17 mini seconds publishing element
Info: RoleDescriptor:developer: 19 mini seconds publishing element
Info: WorkProductDescriptor:source_code: 16 mini seconds publishing element
Info: WorkProductDescriptor:code_repository: 15 mini seconds publishing element
Info: WorkProductDescriptor:meeting_log: 15 mini seconds publishing element
Info: Deliverable:external_tool: 12 mini seconds publishing element
Info: WorkProductDescriptor:architecture_document: 16 mini seconds publishing element
Info: Task:provide_grading_rubics: 13 mini seconds publishing element
Info: : Publishing time: 0 minutes 17 seconds
